2023-09-03 19:46:24 INFO  MenuControler:19 - botones
2023-09-03 19:46:27 INFO  ClienteController:43 - opciones
2023-09-03 19:47:10 INFO  ClienteController:52 - registrarCli
2023-09-03 19:47:20 INFO  ClienteController:43 - opciones
2023-09-03 19:47:24 INFO  ClienteController:83 - busquedaMarcayModelo
2023-09-03 19:48:31 INFO  EmpleadoController:44 - opciones
2023-09-03 19:48:33 INFO  EmpleadoController:179 - vistaRetirarSinReserva
2023-09-03 19:48:43 INFO  EmpleadoController:171 - buscarNumeroReserva
2023-09-03 19:49:38 INFO  EmpleadoController:44 - opciones
2023-09-03 19:49:39 INFO  EmpleadoController:103 - vistaBusquedaPlaca
2023-09-03 20:04:38 INFO  ClienteController:43 - opciones
2023-09-03 20:04:40 INFO  ClienteController:83 - busquedaMarcayModelo
2023-09-03 20:04:41 INFO  EmpleadoController:44 - opciones
2023-09-03 20:04:42 INFO  MenuControler:19 - botones
2023-09-03 20:04:43 INFO  ClienteController:43 - opciones
2023-09-03 20:04:45 INFO  ClienteController:83 - busquedaMarcayModelo
2023-09-03 20:05:11 INFO  ClienteController:83 - busquedaMarcayModelo
2023-09-03 20:05:12 INFO  ClienteController:43 - opciones
2023-09-03 20:05:13 INFO  ClienteController:83 - busquedaMarcayModelo
2023-09-03 20:05:13 INFO  ClienteController:43 - opciones
2023-09-03 20:05:14 INFO  ClienteController:97 - registrarReserva
2023-09-03 20:05:15 INFO  ClienteController:43 - opciones
2023-09-03 20:05:16 INFO  MenuControler:19 - botones
2023-09-03 20:05:17 INFO  EmpleadoController:44 - opciones
2023-09-03 20:05:18 INFO  EmpleadoController:103 - vistaBusquedaPlaca
2023-09-03 20:05:19 INFO  EmpleadoController:44 - opciones
2023-09-03 20:05:22 INFO  MenuControler:19 - botones
2024-02-20 22:15:44 INFO  MenuControler:19 - botones
2024-02-20 22:16:36 INFO  ClienteController:45 - opciones
2024-02-20 22:17:30 INFO  MenuControler:19 - botones
2024-02-20 22:23:58 INFO  MenuControler:19 - botones
2024-02-20 22:26:35 INFO  MenuControler:19 - botones
2024-02-20 22:41:12 INFO  ClienteController:45 - opciones
2024-02-20 22:41:14 INFO  MenuControler:19 - botones
2024-02-20 22:43:16 INFO  MenuControler:19 - botones
2024-02-20 22:45:50 INFO  MenuControler:19 - botones
2024-02-20 22:47:42 INFO  MenuControler:19 - botones
2024-02-20 22:54:57 INFO  MenuControler:19 - botones
2024-02-20 22:58:25 INFO  MenuControler:19 - botones
2024-02-20 22:59:23 INFO  MenuControler:19 - botones
2024-02-20 22:59:24 INFO  MenuControler:19 - botones
2024-02-20 22:59:40 INFO  MenuControler:19 - botones
2024-02-20 23:07:05 INFO  MenuControler:19 - botones
2024-02-20 23:07:32 INFO  MenuControler:19 - botones
2024-02-20 23:08:44 INFO  MenuControler:19 - botones
2024-02-20 23:09:39 INFO  MenuControler:19 - botones
2024-02-20 23:09:56 INFO  MenuControler:19 - botones
2024-02-20 23:11:04 INFO  MenuControler:19 - botones
2024-02-20 23:14:15 INFO  MenuControler:19 - botones
2024-02-20 23:14:43 INFO  MenuControler:19 - botones
2024-02-20 23:15:11 INFO  MenuControler:19 - botones
2024-02-20 23:15:29 INFO  MenuControler:19 - botones
2024-02-20 23:18:36 INFO  MenuControler:19 - botones
2024-02-20 23:19:12 INFO  MenuControler:19 - botones
2024-02-20 23:19:53 INFO  MenuControler:19 - botones
2024-02-20 23:21:41 INFO  MenuControler:19 - botones
2024-02-20 23:22:33 INFO  MenuControler:19 - botones
2024-02-20 23:23:39 INFO  MenuControler:19 - botones
2024-02-20 23:23:42 INFO  ClienteController:45 - opciones
2024-02-20 23:23:47 INFO  MenuControler:19 - botones
2024-02-20 23:24:36 INFO  MenuControler:19 - botones
2024-02-20 23:24:57 INFO  MenuControler:19 - botones
2024-02-20 23:25:39 INFO  MenuControler:19 - botones
2024-02-20 23:30:19 INFO  MenuControler:19 - botones
2024-02-20 23:30:37 INFO  MenuControler:19 - botones
2024-02-20 23:33:29 INFO  MenuControler:19 - botones
2024-02-20 23:36:48 INFO  MenuControler:19 - botones
2024-02-20 23:37:46 INFO  MenuControler:19 - botones
2024-02-20 23:38:25 INFO  MenuControler:19 - botones
2024-02-20 23:38:50 INFO  MenuControler:19 - botones
2024-02-20 23:39:54 INFO  MenuControler:19 - botones
2024-02-20 23:40:09 INFO  MenuControler:19 - botones
2024-02-20 23:45:27 INFO  MenuControler:19 - botones
2024-02-20 23:46:26 INFO  MenuControler:19 - botones
2024-02-20 23:47:55 INFO  MenuControler:19 - botones
2024-02-20 23:48:11 INFO  MenuControler:19 - botones
2024-02-20 23:48:51 INFO  MenuControler:19 - botones
2024-02-20 23:49:35 INFO  MenuControler:19 - botones
2024-02-20 23:52:14 INFO  ClienteController:45 - opciones
2024-02-20 23:54:00 INFO  MenuControler:19 - botones
2024-02-20 23:56:44 INFO  ClienteController:45 - opciones
2024-02-20 23:59:15 INFO  ClienteController:45 - opciones
2024-02-20 23:59:58 INFO  ClienteController:45 - opciones
2024-02-21 00:00:07 INFO  ClienteController:54 - registrarCli
2024-03-02 21:07:31 INFO  MenuControler:19 - botones
2024-03-02 21:08:19 INFO  MenuControler:19 - botones
2024-03-02 21:09:19 INFO  MenuControler:19 - botones
2024-03-02 21:11:53 INFO  MenuControler:19 - botones
2024-03-02 21:22:10 INFO  MenuControler:19 - botones
2024-03-02 21:23:16 INFO  MenuControler:19 - botones
2024-03-02 21:26:23 INFO  MenuControler:19 - botones
2024-03-02 21:26:41 INFO  MenuControler:19 - botones
2024-03-02 21:26:42 INFO  MenuControler:19 - botones
2024-03-02 21:27:09 INFO  MenuControler:19 - botones
2024-03-02 21:27:31 INFO  MenuControler:19 - botones
2024-03-02 21:29:34 INFO  MenuControler:19 - botones
2024-03-02 21:35:13 INFO  ClienteController:45 - opciones
2024-03-02 21:35:16 INFO  ClienteController:85 - busquedaMarcayModelo
2024-03-02 21:35:50 INFO  ClienteController:45 - opciones
2024-03-02 21:35:56 INFO  MenuControler:19 - botones
2024-03-02 21:35:59 INFO  ClienteController:45 - opciones
2024-03-02 21:36:16 INFO  ClienteController:54 - registrarCli
2024-03-02 21:36:33 INFO  EmpleadoController:44 - opciones
2024-03-02 21:36:48 INFO  EmpleadoController:54 - registrarCliEmpleado
2024-03-02 21:36:50 INFO  EmpleadoController:44 - opciones
2024-03-02 21:37:56 INFO  EmpleadoController:72 - registrarVehiculo
2024-03-02 21:38:31 INFO  EmpleadoController:44 - opciones
2024-03-02 21:38:35 INFO  EmpleadoController:171 - buscarNumeroReserva
2024-03-02 21:38:57 INFO  EmpleadoController:44 - opciones
2024-03-02 21:38:59 INFO  EmpleadoController:179 - vistaRetirarSinReserva
2024-03-02 21:39:13 INFO  EmpleadoController:44 - opciones
2024-03-02 21:39:17 INFO  MenuControler:19 - botones
2024-03-02 21:39:20 INFO  EmpleadoController:44 - opciones
2024-03-02 21:39:28 INFO  MenuControler:19 - botones
2024-03-02 21:39:30 INFO  ReporteController:38 - opciones
2024-03-02 21:39:39 INFO  MenuControler:19 - botones
2024-03-02 21:39:48 INFO  EmpleadoController:44 - opciones
2024-03-02 21:39:54 INFO  EmpleadoController:72 - registrarVehiculo
2024-03-02 21:41:03 INFO  EmpleadoController:80 - insertarVehiculo
2024-03-02 21:41:24 INFO  EmpleadoController:80 - insertarVehiculo
2024-03-02 21:41:27 INFO  EmpleadoController:80 - insertarVehiculo
2024-03-02 21:41:30 INFO  EmpleadoController:80 - insertarVehiculo
2024-03-02 21:41:34 INFO  EmpleadoController:80 - insertarVehiculo
2024-03-02 21:41:37 INFO  EmpleadoController:80 - insertarVehiculo
2024-03-02 21:41:40 INFO  EmpleadoController:80 - insertarVehiculo
2024-03-02 21:41:43 INFO  EmpleadoController:80 - insertarVehiculo
2024-03-02 21:41:46 INFO  EmpleadoController:80 - insertarVehiculo
2024-03-02 21:41:50 INFO  EmpleadoController:80 - insertarVehiculo
2024-03-02 21:41:55 INFO  MenuControler:19 - botones
2024-03-02 21:42:01 INFO  EmpleadoController:44 - opciones
2024-03-02 21:42:04 INFO  EmpleadoController:72 - registrarVehiculo
2024-03-02 21:42:26 INFO  EmpleadoController:80 - insertarVehiculo
2024-03-02 21:42:27 INFO  MenuControler:19 - botones
2024-03-02 21:42:30 INFO  EmpleadoController:44 - opciones
2024-03-02 21:42:34 INFO  MenuControler:19 - botones
2024-03-02 21:42:35 INFO  ClienteController:45 - opciones
2024-03-02 21:42:39 INFO  ClienteController:85 - busquedaMarcayModelo
2024-03-02 21:42:41 INFO  ClienteController:85 - busquedaMarcayModelo
2024-03-02 21:42:47 INFO  ClienteController:45 - opciones
2024-03-02 21:42:52 INFO  ClienteController:85 - busquedaMarcayModelo
2024-03-02 21:43:00 INFO  ClienteController:85 - busquedaMarcayModelo
2024-03-02 21:43:33 INFO  ClienteController:45 - opciones
2024-03-02 21:43:35 INFO  MenuControler:19 - botones
2024-03-02 21:43:37 INFO  EmpleadoController:44 - opciones
2024-03-02 21:43:43 INFO  EmpleadoController:103 - vistaBusquedaPlaca
2024-03-02 21:43:47 INFO  EmpleadoController:103 - vistaBusquedaPlaca
2024-03-02 21:43:54 INFO  EmpleadoController:44 - opciones
2024-03-02 21:43:55 INFO  MenuControler:19 - botones
2024-03-02 21:43:57 INFO  ReporteController:38 - opciones
2024-03-02 21:43:59 INFO  MenuControler:19 - botones
2024-03-02 21:44:54 INFO  ClienteController:45 - opciones
2024-03-02 21:44:56 INFO  ClienteController:85 - busquedaMarcayModelo
2024-03-02 21:45:01 INFO  ClienteController:85 - busquedaMarcayModelo
2024-03-02 21:45:33 INFO  ClienteController:45 - opciones
2024-03-02 21:45:34 INFO  ClienteController:99 - registrarReserva
2024-03-02 21:45:37 INFO  ClienteController:45 - opciones
2024-03-02 21:45:38 INFO  MenuControler:19 - botones
2024-03-02 21:45:40 INFO  ReporteController:38 - opciones
2024-03-02 21:45:42 INFO  ReporteController:66 - buscarVip
2024-03-02 21:45:51 INFO  ReporteController:38 - opciones
2024-03-02 21:45:57 INFO  ReporteController:77 - reporteVehiculo
2024-03-02 21:46:31 INFO  ReporteController:38 - opciones
2024-03-02 21:46:35 INFO  ReporteController:46 - buscar
2024-03-02 21:46:38 INFO  ReporteController:38 - opciones
2024-03-02 21:46:42 INFO  ReporteController:77 - reporteVehiculo
2024-03-02 21:46:45 INFO  ReporteController:38 - opciones
2024-03-02 21:47:11 INFO  ReporteController:77 - reporteVehiculo
2024-03-02 21:47:22 INFO  ReporteController:85 - buscarVipVehiculo
2024-03-02 21:47:22 INFO  ReporteController:89 - %10545%
2024-03-02 21:47:22 INFO  ReporteController:77 - reporteVehiculo
2024-03-02 21:47:27 INFO  ReporteController:85 - buscarVipVehiculo
2024-03-02 21:47:27 INFO  ReporteController:89 - %54654654654%
2024-03-02 21:47:27 INFO  ReporteController:77 - reporteVehiculo
2024-03-02 21:47:38 INFO  ReporteController:38 - opciones
2024-03-02 21:47:43 INFO  ReporteController:66 - buscarVip
2024-03-02 21:47:46 INFO  ReporteController:38 - opciones
2024-03-02 21:47:50 INFO  ReporteController:77 - reporteVehiculo
2024-03-02 21:48:03 INFO  ReporteController:38 - opciones
2024-03-02 21:48:05 INFO  MenuControler:19 - botones
2024-03-02 21:48:06 INFO  ClienteController:45 - opciones
2024-03-02 21:48:07 INFO  ClienteController:85 - busquedaMarcayModelo
2024-03-02 21:48:14 INFO  ClienteController:85 - busquedaMarcayModelo
2024-03-02 21:48:26 INFO  ClienteController:45 - opciones
2024-03-02 21:48:46 INFO  ClienteController:54 - registrarCli
2024-03-02 21:48:56 INFO  ClienteController:45 - opciones
2024-03-02 21:48:58 INFO  MenuControler:19 - botones
2024-03-02 21:49:00 INFO  ReporteController:38 - opciones
2024-03-02 21:49:04 INFO  ReporteController:66 - buscarVip
2024-03-02 21:51:14 INFO  ReporteController:38 - opciones
2024-03-02 21:51:17 INFO  ReporteController:77 - reporteVehiculo
2024-03-02 21:54:33 INFO  ReporteController:38 - opciones
2024-03-02 21:54:34 INFO  MenuControler:19 - botones
2024-03-02 21:54:36 INFO  EmpleadoController:44 - opciones
2024-03-02 21:54:40 INFO  EmpleadoController:54 - registrarCliEmpleado
2024-03-02 21:54:42 INFO  EmpleadoController:44 - opciones
2024-03-02 21:59:33 INFO  MenuControler:19 - botones
2024-03-02 21:59:35 INFO  ReporteController:38 - opciones
2024-03-02 22:02:08 INFO  ReporteController:38 - opciones
2024-03-02 22:02:13 INFO  MenuControler:19 - botones
2024-03-02 22:02:16 INFO  ReporteController:38 - opciones
2024-03-02 22:02:18 INFO  ReporteController:46 - buscar
2024-03-02 22:02:24 INFO  ReporteController:38 - opciones
2024-03-02 22:02:28 INFO  MenuControler:19 - botones
2024-03-02 22:02:30 INFO  ReporteController:38 - opciones
2024-03-02 22:02:32 INFO  MenuControler:19 - botones
2024-03-02 22:04:34 INFO  MenuControler:19 - botones
2024-03-02 22:04:36 INFO  ReporteController:38 - opciones
2024-03-02 22:04:37 INFO  ReporteController:46 - buscar
2024-03-02 22:04:52 INFO  ReporteController:38 - opciones
2024-03-02 22:05:07 INFO  ReporteController:38 - opciones
2024-03-02 22:05:09 INFO  ReporteController:38 - opciones
2024-03-02 22:05:31 INFO  ReporteController:38 - opciones
2024-03-02 22:06:44 INFO  ReporteController:38 - opciones
2024-03-02 22:07:16 INFO  ReporteController:46 - buscar
2024-03-02 22:07:17 INFO  ReporteController:38 - opciones
2024-03-02 22:08:24 INFO  MenuControler:19 - botones
2024-03-02 22:08:27 INFO  ClienteController:45 - opciones
2024-03-02 22:08:41 INFO  MenuControler:19 - botones
2024-03-02 22:09:40 INFO  ClienteController:45 - opciones
2024-03-02 22:09:42 INFO  MenuControler:19 - botones
2024-03-02 22:09:43 INFO  EmpleadoController:44 - opciones
2024-03-02 22:09:47 INFO  MenuControler:19 - botones
2024-03-02 22:09:48 INFO  ReporteController:38 - opciones
2024-03-02 22:09:52 INFO  MenuControler:19 - botones
2024-03-02 22:09:56 INFO  ReporteController:38 - opciones
2024-03-02 22:09:58 INFO  MenuControler:19 - botones
2024-03-02 22:09:59 INFO  ClienteController:45 - opciones
2024-03-02 22:10:13 INFO  MenuControler:19 - botones
2024-03-02 22:10:41 INFO  ClienteController:45 - opciones
2024-03-02 22:11:31 INFO  ClienteController:45 - opciones
2024-03-02 22:12:00 INFO  ClienteController:45 - opciones
2024-03-02 22:12:17 INFO  ClienteController:45 - opciones
2024-03-02 22:12:22 INFO  MenuControler:19 - botones
2024-03-02 22:12:23 INFO  ClienteController:45 - opciones
2024-03-02 22:12:26 INFO  ClienteController:54 - registrarCli
2024-03-02 22:12:31 INFO  ClienteController:54 - registrarCli
2024-03-02 22:12:45 INFO  ClienteController:54 - registrarCli
2024-03-02 22:16:23 INFO  ClienteController:54 - registrarCli
2024-03-02 22:17:07 INFO  ClienteController:54 - registrarCli
2024-03-02 22:17:57 INFO  ClienteController:54 - registrarCli
2024-03-02 22:18:15 INFO  ClienteController:45 - opciones
2024-03-02 22:18:17 INFO  MenuControler:19 - botones
2024-03-02 22:18:29 INFO  ClienteController:45 - opciones
2024-03-02 22:18:31 INFO  ClienteController:54 - registrarCli
2024-03-02 22:18:33 INFO  ClienteController:45 - opciones
2024-03-02 22:18:34 INFO  ClienteController:85 - busquedaMarcayModelo
2024-03-02 22:18:36 INFO  ClienteController:45 - opciones
2024-03-02 22:18:39 INFO  ClienteController:85 - busquedaMarcayModelo
2024-03-02 22:18:44 INFO  ClienteController:45 - opciones
2024-03-02 22:20:00 INFO  ClienteController:45 - opciones
2024-03-02 22:21:35 INFO  ClienteController:45 - opciones
2024-03-02 22:22:18 INFO  ClienteController:45 - opciones
2024-03-02 22:22:29 INFO  MenuControler:19 - botones
2024-03-02 22:22:30 INFO  ClienteController:45 - opciones
2024-03-02 22:22:53 INFO  ClienteController:54 - registrarCli
2024-03-02 22:22:55 INFO  ClienteController:45 - opciones
2024-03-02 22:23:00 INFO  ClienteController:54 - registrarCli
2024-03-02 22:23:26 INFO  ClienteController:54 - registrarCli
2024-03-02 22:25:04 INFO  ClienteController:54 - registrarCli
2024-03-02 22:25:19 INFO  ClienteController:54 - registrarCli
2024-03-02 22:26:03 INFO  ClienteController:54 - registrarCli
2024-03-02 22:26:21 INFO  ClienteController:54 - registrarCli
2024-03-02 22:26:37 INFO  ClienteController:54 - registrarCli
2024-03-02 22:26:55 INFO  ClienteController:54 - registrarCli
2024-03-02 22:27:06 INFO  ClienteController:45 - opciones
2024-03-02 22:27:08 INFO  MenuControler:19 - botones
2024-03-02 22:27:17 INFO  ClienteController:45 - opciones
2024-03-02 22:27:18 INFO  ClienteController:54 - registrarCli
2024-03-02 22:27:22 INFO  ClienteController:45 - opciones
2024-03-02 22:27:24 INFO  ClienteController:54 - registrarCli
2024-03-02 22:27:27 INFO  ClienteController:45 - opciones
2024-03-02 22:27:28 INFO  ClienteController:85 - busquedaMarcayModelo
2024-03-02 22:29:35 INFO  ClienteController:85 - busquedaMarcayModelo
2024-03-02 22:31:14 INFO  ClienteController:85 - busquedaMarcayModelo
2024-03-02 22:31:15 INFO  ClienteController:85 - busquedaMarcayModelo
2024-03-02 22:31:37 INFO  ClienteController:85 - busquedaMarcayModelo
2024-03-02 22:31:38 INFO  ClienteController:85 - busquedaMarcayModelo
2024-03-02 22:31:38 INFO  ClienteController:85 - busquedaMarcayModelo
2024-03-02 22:31:39 INFO  ClienteController:85 - busquedaMarcayModelo
2024-03-02 22:31:39 INFO  ClienteController:85 - busquedaMarcayModelo
2024-03-02 22:34:32 INFO  ClienteController:85 - busquedaMarcayModelo
2024-03-02 22:35:49 INFO  ClienteController:85 - busquedaMarcayModelo
2024-03-02 22:36:25 INFO  ClienteController:45 - opciones
2024-03-02 22:36:27 INFO  MenuControler:19 - botones
2024-03-02 22:36:43 INFO  ClienteController:45 - opciones
2024-03-02 22:36:45 INFO  ClienteController:85 - busquedaMarcayModelo
2024-03-02 22:38:35 INFO  ClienteController:85 - busquedaMarcayModelo
2024-03-02 22:39:09 INFO  ClienteController:85 - busquedaMarcayModelo
2024-03-02 22:39:56 INFO  ClienteController:85 - busquedaMarcayModelo
2024-03-02 22:40:23 INFO  ClienteController:85 - busquedaMarcayModelo
2024-03-02 22:41:49 INFO  ClienteController:85 - busquedaMarcayModelo
2024-03-02 22:42:16 INFO  ClienteController:85 - busquedaMarcayModelo
2024-03-02 22:42:49 INFO  ClienteController:85 - busquedaMarcayModelo
2024-03-02 22:43:04 INFO  ClienteController:85 - busquedaMarcayModelo
2024-03-02 22:44:40 INFO  ClienteController:85 - busquedaMarcayModelo
2024-03-02 22:45:06 INFO  ClienteController:85 - busquedaMarcayModelo
2024-03-02 22:45:17 INFO  ClienteController:45 - opciones
2024-03-02 22:45:20 INFO  MenuControler:19 - botones
2024-03-02 22:45:21 INFO  EmpleadoController:44 - opciones
2024-03-02 22:45:27 INFO  MenuControler:19 - botones
2024-03-02 22:45:41 INFO  ClienteController:45 - opciones
2024-03-02 22:45:43 INFO  ClienteController:54 - registrarCli
2024-03-02 22:45:45 INFO  ClienteController:45 - opciones
2024-03-02 22:45:47 INFO  ClienteController:85 - busquedaMarcayModelo
2024-03-02 22:45:48 INFO  ClienteController:45 - opciones
2024-03-02 22:45:50 INFO  ClienteController:99 - registrarReserva
2024-03-02 22:45:51 INFO  ClienteController:45 - opciones
2024-03-02 22:45:53 INFO  MenuControler:19 - botones
2024-03-02 22:45:55 INFO  EmpleadoController:44 - opciones
2024-03-02 22:45:57 INFO  MenuControler:19 - botones
2024-03-02 22:45:58 INFO  ReporteController:38 - opciones
2024-03-02 22:46:01 INFO  MenuControler:19 - botones
2024-03-02 22:47:06 INFO  MenuControler:19 - botones
2024-03-02 22:47:07 INFO  MenuControler:19 - botones
2024-03-02 22:47:07 INFO  MenuControler:19 - botones
2024-03-02 22:47:07 INFO  MenuControler:19 - botones
2024-03-02 22:47:07 INFO  MenuControler:19 - botones
2024-03-02 22:47:07 INFO  MenuControler:19 - botones
2024-03-02 22:49:19 INFO  MenuControler:19 - botones
2024-03-02 22:49:43 INFO  MenuControler:19 - botones
2024-03-02 22:49:53 INFO  ClienteController:45 - opciones
2024-03-02 22:49:55 INFO  ClienteController:54 - registrarCli
2024-03-02 22:49:57 INFO  ClienteController:45 - opciones
2024-03-02 22:49:59 INFO  ClienteController:99 - registrarReserva
2024-03-02 22:50:24 INFO  ClienteController:45 - opciones
2024-03-02 22:50:28 INFO  MenuControler:19 - botones
2024-03-02 22:50:40 INFO  ClienteController:45 - opciones
2024-03-02 22:50:42 INFO  MenuControler:19 - botones
2024-03-03 17:40:21 INFO  MenuControler:19 - botones
2024-03-03 17:40:28 INFO  ClienteController:45 - opciones
2024-03-03 17:40:31 INFO  ClienteController:54 - registrarCli
2024-03-03 17:40:40 INFO  ClienteController:45 - opciones
2024-03-03 17:40:42 INFO  MenuControler:19 - botones
2024-03-03 17:40:44 INFO  ClienteController:45 - opciones
2024-03-03 17:40:45 INFO  ClienteController:54 - registrarCli
2024-03-03 17:40:47 INFO  ClienteController:45 - opciones
2024-03-03 17:40:48 INFO  ClienteController:85 - busquedaMarcayModelo
2024-03-03 17:40:50 INFO  ClienteController:45 - opciones
2024-03-03 17:40:52 INFO  ClienteController:85 - busquedaMarcayModelo
2024-03-03 17:40:53 INFO  ClienteController:45 - opciones
2024-03-03 17:40:54 INFO  ClienteController:99 - registrarReserva
2024-03-03 17:41:03 INFO  MenuControler:19 - botones
2024-03-03 17:41:04 INFO  ReporteController:38 - opciones
2024-03-03 17:41:11 INFO  ReporteController:46 - buscar
2024-03-03 17:41:14 INFO  ReporteController:38 - opciones
2024-03-03 17:41:15 INFO  MenuControler:19 - botones
2024-03-03 17:41:17 INFO  EmpleadoController:44 - opciones
2024-03-03 17:41:25 INFO  MenuControler:19 - botones
2024-03-03 17:41:27 INFO  ClienteController:45 - opciones
2024-03-03 17:41:28 INFO  MenuControler:19 - botones
2024-03-03 17:41:30 INFO  ReporteController:38 - opciones
2024-03-03 17:42:01 INFO  MenuControler:19 - botones
2024-03-03 17:42:06 INFO  ClienteController:45 - opciones
2024-03-03 17:42:07 INFO  ClienteController:54 - registrarCli
2024-03-03 17:42:09 INFO  ClienteController:45 - opciones
2024-03-03 17:42:10 INFO  ClienteController:85 - busquedaMarcayModelo
2024-03-03 17:42:11 INFO  ClienteController:45 - opciones
2024-03-03 17:42:12 INFO  ClienteController:99 - registrarReserva
2024-03-03 17:42:14 INFO  ClienteController:45 - opciones
2024-03-03 17:42:15 INFO  MenuControler:19 - botones
2024-03-03 17:42:19 INFO  ClienteController:45 - opciones
2024-03-03 17:42:20 INFO  ClienteController:99 - registrarReserva
2024-03-03 17:42:26 INFO  ClienteController:99 - registrarReserva
2024-03-03 17:42:28 INFO  ClienteController:45 - opciones
2024-03-03 17:42:29 INFO  MenuControler:19 - botones
2024-03-03 17:42:32 INFO  EmpleadoController:44 - opciones
2024-03-03 17:42:33 INFO  MenuControler:19 - botones
2024-03-03 17:43:19 INFO  EmpleadoController:44 - opciones
2024-03-03 17:43:21 INFO  EmpleadoController:54 - registrarCliEmpleado
2024-03-03 17:43:23 INFO  EmpleadoController:44 - opciones
2024-03-03 17:43:31 INFO  MenuControler:19 - botones
2024-03-03 17:43:32 INFO  ReporteController:38 - opciones
2024-03-03 17:43:47 INFO  ReporteController:46 - buscar
2024-03-03 17:44:04 INFO  ReporteController:38 - opciones
2024-03-03 17:44:06 INFO  MenuControler:19 - botones
2024-03-03 17:44:10 INFO  EmpleadoController:44 - opciones
2024-03-03 17:44:13 INFO  EmpleadoController:72 - registrarVehiculo
2024-03-03 17:44:35 INFO  EmpleadoController:171 - buscarNumeroReserva
2024-03-03 17:45:37 INFO  MenuControler:19 - botones
2024-03-03 17:49:02 INFO  ReporteController:38 - opciones
2024-03-03 17:49:04 INFO  MenuControler:19 - botones
2024-03-03 17:49:11 INFO  ClienteController:45 - opciones
2024-03-03 17:49:13 INFO  MenuControler:19 - botones
2024-03-03 17:49:16 INFO  EmpleadoController:44 - opciones
2024-03-03 17:49:18 INFO  MenuControler:19 - botones
2024-03-03 17:49:28 INFO  ReporteController:38 - opciones
2024-03-03 17:50:40 INFO  MenuControler:19 - botones
2024-03-03 17:52:28 INFO  MenuControler:19 - botones
2024-03-03 17:52:59 INFO  MenuControler:19 - botones
2024-03-03 17:53:26 INFO  MenuControler:19 - botones
2024-03-03 17:53:35 INFO  ClienteController:45 - opciones
2024-03-03 17:53:39 INFO  ClienteController:54 - registrarCli
2024-03-03 17:53:40 INFO  ClienteController:45 - opciones
2024-03-03 17:53:42 INFO  MenuControler:19 - botones
2024-03-03 17:53:45 INFO  ClienteController:45 - opciones
2024-03-03 17:54:17 INFO  ClienteController:54 - registrarCli
2024-03-03 17:54:26 INFO  ClienteController:45 - opciones
2024-03-03 17:54:27 INFO  MenuControler:19 - botones
2024-03-03 17:54:31 INFO  EmpleadoController:44 - opciones
2024-03-03 17:54:48 INFO  MenuControler:19 - botones
2024-03-03 17:54:52 INFO  EmpleadoController:44 - opciones
2024-03-03 17:54:56 INFO  MenuControler:19 - botones
2024-03-03 17:54:59 INFO  EmpleadoController:44 - opciones
2024-03-03 17:55:02 INFO  MenuControler:19 - botones
2024-03-03 17:55:05 INFO  EmpleadoController:44 - opciones
2024-03-03 17:55:08 INFO  EmpleadoController:90 - vistaBusqueda
2024-03-03 17:55:09 INFO  EmpleadoController:44 - opciones
2024-03-03 17:55:11 INFO  EmpleadoController:103 - vistaBusquedaPlaca
2024-03-03 17:55:12 INFO  EmpleadoController:44 - opciones
2024-03-03 17:55:13 INFO  EmpleadoController:171 - buscarNumeroReserva
2024-03-03 17:55:14 INFO  EmpleadoController:44 - opciones
2024-03-03 17:55:18 INFO  EmpleadoController:44 - opciones
2024-03-03 17:55:19 INFO  MenuControler:19 - botones
2024-03-03 17:55:27 INFO  ClienteController:45 - opciones
2024-03-03 17:55:29 INFO  ClienteController:85 - busquedaMarcayModelo
2024-03-03 17:55:30 INFO  ClienteController:45 - opciones
2024-03-03 17:55:31 INFO  ClienteController:99 - registrarReserva
2024-03-03 17:56:01 INFO  ClienteController:45 - opciones
2024-03-03 17:56:28 INFO  ClienteController:99 - registrarReserva
2024-03-03 17:58:15 INFO  ClienteController:99 - registrarReserva
2024-03-03 17:58:30 INFO  ClienteController:45 - opciones
2024-03-03 17:58:32 INFO  ClienteController:54 - registrarCli
2024-03-03 17:58:34 INFO  ClienteController:45 - opciones
2024-03-03 17:58:35 INFO  ClienteController:85 - busquedaMarcayModelo
2024-03-03 17:59:10 INFO  ClienteController:85 - busquedaMarcayModelo
2024-03-03 17:59:14 INFO  ClienteController:45 - opciones
2024-03-03 17:59:15 INFO  ClienteController:99 - registrarReserva
2024-03-03 17:59:58 INFO  ClienteController:99 - registrarReserva
2024-03-03 18:00:14 INFO  ClienteController:99 - registrarReserva
2024-03-03 18:00:32 INFO  ClienteController:45 - opciones
2024-03-03 18:00:34 INFO  ClienteController:54 - registrarCli
2024-03-03 18:00:39 INFO  ClienteController:45 - opciones
2024-03-03 18:00:41 INFO  ClienteController:99 - registrarReserva
2024-03-03 18:01:01 INFO  ClienteController:99 - registrarReserva
2024-03-03 18:01:27 INFO  ClienteController:99 - registrarReserva
2024-03-03 18:03:28 INFO  ClienteController:99 - registrarReserva
2024-03-03 18:06:00 INFO  ClienteController:99 - registrarReserva
2024-03-03 18:06:54 INFO  ClienteController:99 - registrarReserva
2024-03-03 18:07:35 INFO  ClienteController:99 - registrarReserva
2024-03-03 18:08:08 INFO  ClienteController:99 - registrarReserva
2024-03-03 18:09:58 INFO  ClienteController:45 - opciones
2024-03-03 18:09:59 INFO  ClienteController:54 - registrarCli
2024-03-03 18:10:39 INFO  ClienteController:45 - opciones
2024-03-03 18:10:40 INFO  ClienteController:99 - registrarReserva
2024-03-03 18:10:57 INFO  ClienteController:45 - opciones
2024-03-03 18:10:58 INFO  ClienteController:54 - registrarCli
2024-03-03 18:11:04 INFO  ClienteController:45 - opciones
2024-03-03 18:11:45 INFO  ClienteController:99 - registrarReserva
2024-03-03 18:12:32 INFO  ClienteController:99 - registrarReserva
2024-03-03 18:13:24 INFO  ClienteController:99 - registrarReserva
2024-03-03 18:13:59 INFO  ClienteController:99 - registrarReserva
2024-03-03 18:14:29 INFO  ClienteController:99 - registrarReserva
2024-03-03 18:15:15 INFO  ClienteController:99 - registrarReserva
2024-03-03 18:17:00 INFO  ClienteController:99 - registrarReserva
2024-03-03 18:17:36 INFO  ClienteController:99 - registrarReserva
2024-03-03 18:18:03 INFO  ClienteController:99 - registrarReserva
2024-03-03 18:18:21 INFO  ClienteController:99 - registrarReserva
2024-03-03 18:18:56 INFO  ClienteController:99 - registrarReserva
2024-03-03 18:19:12 INFO  ClienteController:99 - registrarReserva
2024-03-03 18:19:32 INFO  ClienteController:99 - registrarReserva
2024-03-03 18:19:55 INFO  ClienteController:45 - opciones
2024-03-03 18:19:56 INFO  MenuControler:19 - botones
2024-03-03 18:19:58 INFO  ClienteController:45 - opciones
2024-03-03 18:20:00 INFO  ClienteController:99 - registrarReserva
2024-03-03 18:20:02 INFO  ClienteController:45 - opciones
2024-03-03 18:20:04 INFO  MenuControler:19 - botones
2024-03-03 18:20:46 INFO  ClienteController:45 - opciones
2024-03-03 18:20:48 INFO  ClienteController:99 - registrarReserva
2024-03-03 18:21:01 INFO  ClienteController:99 - registrarReserva
2024-03-03 18:21:26 INFO  ClienteController:99 - registrarReserva
2024-03-03 18:21:36 INFO  ClienteController:99 - registrarReserva
2024-03-03 18:24:35 INFO  ClienteController:99 - registrarReserva
2024-03-03 18:25:28 INFO  ClienteController:99 - registrarReserva
2024-03-03 18:25:36 INFO  ClienteController:109 - reservar
2024-03-03 18:27:36 INFO  ClienteController:99 - registrarReserva
2024-03-03 18:28:03 INFO  ClienteController:99 - registrarReserva
2024-03-03 18:29:40 INFO  ClienteController:45 - opciones
2024-03-03 18:29:41 INFO  ClienteController:99 - registrarReserva
2024-03-03 18:30:53 INFO  ClienteController:99 - registrarReserva
2024-03-03 18:31:55 INFO  ClienteController:99 - registrarReserva
2024-03-03 18:32:18 INFO  ClienteController:99 - registrarReserva
2024-03-03 18:32:20 INFO  ClienteController:45 - opciones
2024-03-03 18:32:22 INFO  ClienteController:99 - registrarReserva
2024-03-03 18:32:25 INFO  ClienteController:45 - opciones
2024-03-03 18:32:26 INFO  ClienteController:99 - registrarReserva
2024-03-03 18:32:44 INFO  ClienteController:99 - registrarReserva
2024-03-03 18:33:01 INFO  ClienteController:45 - opciones
2024-03-03 18:33:04 INFO  ClienteController:85 - busquedaMarcayModelo
2024-03-03 18:33:40 INFO  ClienteController:45 - opciones
2024-03-03 18:33:42 INFO  ClienteController:99 - registrarReserva
2024-03-03 18:33:56 INFO  ClienteController:45 - opciones
2024-03-03 18:33:59 INFO  ClienteController:85 - busquedaMarcayModelo
2024-03-03 18:34:01 INFO  ClienteController:45 - opciones
2024-03-03 18:34:02 INFO  ClienteController:85 - busquedaMarcayModelo
2024-03-03 18:34:09 INFO  ClienteController:45 - opciones
2024-03-03 18:34:11 INFO  ClienteController:99 - registrarReserva
2024-03-03 18:34:13 INFO  ClienteController:45 - opciones
2024-03-03 18:34:14 INFO  ClienteController:85 - busquedaMarcayModelo
2024-03-03 18:34:45 INFO  ClienteController:45 - opciones
2024-03-03 18:34:46 INFO  MenuControler:19 - botones
2024-03-03 18:34:48 INFO  EmpleadoController:44 - opciones
2024-03-03 18:34:49 INFO  MenuControler:19 - botones
2024-03-03 18:34:53 INFO  EmpleadoController:44 - opciones
2024-03-03 18:34:55 INFO  MenuControler:19 - botones
2024-03-03 18:34:57 INFO  ClienteController:45 - opciones
2024-03-03 18:35:00 INFO  MenuControler:19 - botones
2024-03-03 18:35:04 INFO  EmpleadoController:44 - opciones
2024-03-03 18:35:10 INFO  MenuControler:19 - botones
2024-03-03 18:35:12 INFO  ClienteController:45 - opciones
2024-03-03 18:35:13 INFO  ClienteController:99 - registrarReserva
2024-03-03 18:35:15 INFO  ClienteController:45 - opciones
2024-03-03 18:35:17 INFO  MenuControler:19 - botones
2024-03-03 18:35:18 INFO  EmpleadoController:44 - opciones
2024-03-03 18:35:57 INFO  MenuControler:19 - botones
2024-03-03 18:36:23 INFO  ClienteController:45 - opciones
2024-03-03 18:36:24 INFO  ClienteController:99 - registrarReserva
2024-03-03 18:37:04 INFO  ClienteController:45 - opciones
2024-03-03 18:37:08 INFO  MenuControler:19 - botones
2024-03-03 18:41:20 INFO  EmpleadoController:44 - opciones
2024-03-03 18:41:22 INFO  MenuControler:19 - botones
2024-03-03 18:41:24 INFO  EmpleadoController:44 - opciones
2024-03-03 18:41:33 INFO  MenuControler:19 - botones
2024-03-03 18:41:35 INFO  ReporteController:38 - opciones
2024-03-03 18:41:43 INFO  MenuControler:19 - botones
2024-03-03 18:41:44 INFO  EmpleadoController:44 - opciones
2024-03-03 18:42:09 INFO  MenuControler:19 - botones
2024-03-03 18:42:14 INFO  EmpleadoController:44 - opciones
2024-03-03 18:43:17 INFO  EmpleadoController:44 - opciones
2024-03-03 18:44:20 INFO  EmpleadoController:54 - registrarCliEmpleado
2024-03-03 18:44:22 INFO  EmpleadoController:44 - opciones
2024-03-03 18:45:49 INFO  MenuControler:19 - botones
2024-03-03 18:45:50 INFO  ReporteController:38 - opciones
2024-03-03 18:45:52 INFO  MenuControler:19 - botones
2024-03-03 18:46:08 INFO  EmpleadoController:44 - opciones
2024-03-03 18:47:40 INFO  MenuControler:19 - botones
2024-03-03 18:47:42 INFO  ReporteController:38 - opciones
2024-03-03 18:47:49 INFO  ReporteController:38 - opciones
2024-03-04 17:36:35 INFO  ReporteController:36 - opciones
2024-03-04 17:36:37 INFO  MenuControler:19 - botones
2024-03-04 17:36:40 INFO  ClienteController:45 - opciones
2024-03-04 17:36:41 INFO  ClienteController:99 - registrarReserva
2024-03-04 17:36:43 INFO  ClienteController:45 - opciones
2024-03-04 17:36:44 INFO  ClienteController:85 - busquedaMarcayModelo
2024-03-04 17:36:49 INFO  ClienteController:85 - busquedaMarcayModelo
2024-03-04 17:36:59 INFO  ClienteController:45 - opciones
2024-03-04 17:37:00 INFO  MenuControler:19 - botones
2024-03-04 17:37:02 INFO  EmpleadoController:44 - opciones
2024-03-04 17:39:12 INFO  EmpleadoController:44 - opciones
2024-03-04 17:39:22 INFO  MenuControler:19 - botones
2024-03-04 17:39:24 INFO  EmpleadoController:44 - opciones
2024-03-04 17:40:59 INFO  EmpleadoController:44 - opciones
